c:\users\mahaveer\desktop\new folder\dio_suppression_attack_in_iot_v_12_1\workspace_dio_suppression\src\simulation\ip\x64\debug\vc142.pdb
c:\users\mahaveer\desktop\new folder\dio_suppression_attack_in_iot_v_12_1\workspace_dio_suppression\src\simulation\ip\x64\debug\vc142.idb
c:\users\mahaveer\desktop\new folder\dio_suppression_attack_in_iot_v_12_1\workspace_dio_suppression\src\simulation\ip\x64\debug\pim_route_msg.obj
c:\users\mahaveer\desktop\new folder\dio_suppression_attack_in_iot_v_12_1\workspace_dio_suppression\src\simulation\ip\x64\debug\pim_route.obj
c:\users\mahaveer\desktop\new folder\dio_suppression_attack_in_iot_v_12_1\workspace_dio_suppression\src\simulation\ip\x64\debug\pim_print.obj
c:\users\mahaveer\desktop\new folder\dio_suppression_attack_in_iot_v_12_1\workspace_dio_suppression\src\simulation\ip\x64\debug\pim_neighbor.obj
c:\users\mahaveer\desktop\new folder\dio_suppression_attack_in_iot_v_12_1\workspace_dio_suppression\src\simulation\ip\x64\debug\pim_msg.obj
c:\users\mahaveer\desktop\new folder\dio_suppression_attack_in_iot_v_12_1\workspace_dio_suppression\src\simulation\ip\x64\debug\pim_join.obj
c:\users\mahaveer\desktop\new folder\dio_suppression_attack_in_iot_v_12_1\workspace_dio_suppression\src\simulation\ip\x64\debug\pim_hello.obj
c:\users\mahaveer\desktop\new folder\dio_suppression_attack_in_iot_v_12_1\workspace_dio_suppression\src\simulation\ip\x64\debug\pim_group.obj
c:\users\mahaveer\desktop\new folder\dio_suppression_attack_in_iot_v_12_1\workspace_dio_suppression\src\simulation\ip\x64\debug\pim_config.obj
c:\users\mahaveer\desktop\new folder\dio_suppression_attack_in_iot_v_12_1\workspace_dio_suppression\src\simulation\ip\x64\debug\nat.obj
c:\users\mahaveer\desktop\new folder\dio_suppression_attack_in_iot_v_12_1\workspace_dio_suppression\src\simulation\ip\x64\debug\multicast.obj
c:\users\mahaveer\desktop\new folder\dio_suppression_attack_in_iot_v_12_1\workspace_dio_suppression\src\simulation\ip\x64\debug\ip_utility.obj
c:\users\mahaveer\desktop\new folder\dio_suppression_attack_in_iot_v_12_1\workspace_dio_suppression\src\simulation\ip\x64\debug\ip_routing.obj
c:\users\mahaveer\desktop\new folder\dio_suppression_attack_in_iot_v_12_1\workspace_dio_suppression\src\simulation\ip\x64\debug\ip.obj
c:\users\mahaveer\desktop\new folder\dio_suppression_attack_in_iot_v_12_1\workspace_dio_suppression\src\simulation\ip\x64\debug\igmp_router.obj
c:\users\mahaveer\desktop\new folder\dio_suppression_attack_in_iot_v_12_1\workspace_dio_suppression\src\simulation\ip\x64\debug\igmp_msg.obj
c:\users\mahaveer\desktop\new folder\dio_suppression_attack_in_iot_v_12_1\workspace_dio_suppression\src\simulation\ip\x64\debug\igmp_host.obj
c:\users\mahaveer\desktop\new folder\dio_suppression_attack_in_iot_v_12_1\workspace_dio_suppression\src\simulation\ip\x64\debug\igmp.obj
c:\users\mahaveer\desktop\new folder\dio_suppression_attack_in_iot_v_12_1\workspace_dio_suppression\src\simulation\ip\x64\debug\icmp.obj
c:\users\mahaveer\desktop\new folder\dio_suppression_attack_in_iot_v_12_1\workspace_dio_suppression\src\simulation\ip\x64\debug\dns.obj
c:\users\mahaveer\desktop\new folder\dio_suppression_attack_in_iot_v_12_1\workspace_dio_suppression\src\simulation\ip\x64\debug\vpn.obj
c:\users\mahaveer\desktop\new folder\dio_suppression_attack_in_iot_v_12_1\workspace_dio_suppression\src\simulation\ip\x64\debug\pim_sm.obj
c:\users\mahaveer\desktop\new folder\dio_suppression_attack_in_iot_v_12_1\workspace_dio_suppression\src\simulation\ip\x64\debug\ip.tlog\cl.command.1.tlog
c:\users\mahaveer\desktop\new folder\dio_suppression_attack_in_iot_v_12_1\workspace_dio_suppression\src\simulation\ip\x64\debug\ip.tlog\cl.read.1.tlog
c:\users\mahaveer\desktop\new folder\dio_suppression_attack_in_iot_v_12_1\workspace_dio_suppression\src\simulation\ip\x64\debug\ip.tlog\cl.write.1.tlog
c:\users\mahaveer\desktop\new folder\dio_suppression_attack_in_iot_v_12_1\workspace_dio_suppression\src\simulation\ip\x64\debug\ip.tlog\link.command.1.tlog
c:\users\mahaveer\desktop\new folder\dio_suppression_attack_in_iot_v_12_1\workspace_dio_suppression\src\simulation\ip\x64\debug\ip.tlog\link.read.1.tlog
