c:\users\mahaveer\desktop\workspace_dio_suppression\src\simulation\rpl\debug\vc142.pdb
c:\users\mahaveer\desktop\workspace_dio_suppression\src\simulation\rpl\debug\vc142.idb
c:\users\mahaveer\desktop\workspace_dio_suppression\src\simulation\rpl\debug\trickle.obj
c:\users\mahaveer\desktop\workspace_dio_suppression\src\simulation\rpl\debug\sequencenumber.obj
c:\users\mahaveer\desktop\workspace_dio_suppression\src\simulation\rpl\debug\rpl_message.obj
c:\users\mahaveer\desktop\workspace_dio_suppression\src\simulation\rpl\debug\rpl_enum.obj
c:\users\mahaveer\desktop\workspace_dio_suppression\src\simulation\rpl\debug\rpl.obj
c:\users\mahaveer\desktop\workspace_dio_suppression\src\simulation\rpl\debug\neighbor.obj
c:\users\mahaveer\desktop\workspace_dio_suppression\src\simulation\rpl\debug\dodag.obj
c:\users\mahaveer\desktop\workspace_dio_suppression\src\simulation\rpl\debug\dis.obj
c:\users\mahaveer\desktop\workspace_dio_suppression\src\simulation\rpl\debug\dio.obj
c:\users\mahaveer\desktop\workspace_dio_suppression\src\simulation\rpl\debug\dao.obj
c:\users\mahaveer\desktop\workspace_dio_suppression\src\simulation\rpl\debug\rpl.tlog\cl.command.1.tlog
c:\users\mahaveer\desktop\workspace_dio_suppression\src\simulation\rpl\debug\rpl.tlog\cl.read.1.tlog
c:\users\mahaveer\desktop\workspace_dio_suppression\src\simulation\rpl\debug\rpl.tlog\cl.write.1.tlog
c:\users\mahaveer\desktop\workspace_dio_suppression\src\simulation\rpl\debug\rpl.tlog\link-cvtres.read.1.tlog
c:\users\mahaveer\desktop\workspace_dio_suppression\src\simulation\rpl\debug\rpl.tlog\link-cvtres.write.1.tlog
c:\users\mahaveer\desktop\workspace_dio_suppression\src\simulation\rpl\debug\rpl.tlog\link-rc.read.1.tlog
c:\users\mahaveer\desktop\workspace_dio_suppression\src\simulation\rpl\debug\rpl.tlog\link-rc.write.1.tlog
c:\users\mahaveer\desktop\workspace_dio_suppression\src\simulation\rpl\debug\rpl.tlog\link.command.1.tlog
c:\users\mahaveer\desktop\workspace_dio_suppression\src\simulation\rpl\debug\rpl.tlog\link.read.1.tlog
c:\users\mahaveer\desktop\workspace_dio_suppression\src\simulation\rpl\debug\rpl.tlog\link.write.1.tlog
